<?xml version="1.0" encoding="UTF-8"?>
<testsuite xmlns:xsi="http://www.w3.org/2001/XMLSchema-instance" xsi:noNamespaceSchemaLocation="https://maven.apache.org/surefire/maven-surefire-plugin/xsd/surefire-test-report-3.0.xsd" version="3.0" name="com.ztsoft.whatsapp_dispatcher.WhatsappDispatcherApplicationTests" time="4.395" tests="1" errors="0" skipped="0" failures="0">
  <properties>
[...]
</properties>
  <testcase name="contextLoads" classname="com.ztsoft.whatsapp_dispatcher.WhatsappDispatcherApplicationTests" time="1.161">
    <system-out><![CDATA[14:29:06.865 [main] INFO org.springframework.test.context.support.AnnotationConfigContextLoaderUtils -- Could not detect default configuration classes for test class [com.ztsoft.whatsapp_dispatcher.WhatsappDispatcherApplicationTests]: WhatsappDispatcherApplicationTests does not declare any static, non-private, non-final, nested classes annotated with @Configuration.
14:29:07.006 [main] INFO org.springframework.boot.test.context.SpringBootTestContextBootstrapper -- Found @SpringBootConfiguration com.ztsoft.whatsapp_dispatcher.WhatsappDispatcherApplication for test class com.ztsoft.whatsapp_dispatcher.WhatsappDispatcherApplicationTests

  .   ____          _            __ _ _
 /\\ / ___'_ __ _ _(_)_ __  __ _ \ \ \ \
( ( )\___ | '_ | '_| | '_ \/ _` | \ \ \ \
 \\/  ___)| |_)| | | | | || (_| |  ) ) ) )
  '  |____| .__|_| |_|_| |_\__, | / / / /
 =========|_|==============|___/=/_/_/_/
 :: Spring Boot ::                (v3.2.2)

2026-01-28T14:29:07.645-03:00  INFO 21428 --- [whatsapp-dispatcher] [           main] c.z.w.WhatsappDispatcherApplicationTests : Starting WhatsappDispatcherApplicationTests using Java 21.0.10 with PID 21428 (started by aliss in C:\Projetos\Treinamentos JAVA\whatsapp_dispatcher)
2026-01-28T14:29:07.647-03:00  INFO 21428 --- [whatsapp-dispatcher] [           main] c.z.w.WhatsappDispatcherApplicationTests : No active profile set, falling back to 1 default profile: "default"
2026-01-28T14:29:09.618-03:00  INFO 21428 --- [whatsapp-dispatcher] [           main] o.a.k.clients.consumer.ConsumerConfig    : ConsumerConfig values: 
	allow.auto.create.topics = true
	auto.commit.interval.ms = 5000
	auto.include.jmx.reporter = true
	auto.offset.reset = earliest
	bootstrap.servers = [localhost:9092]
	check.crcs = true
	client.dns.lookup = use_all_dns_ips
	client.id = consumer-whatsapp-group-1
	client.rack = 
	connections.max.idle.ms = 540000
	default.api.timeout.ms = 60000
	enable.auto.commit = false
	exclude.internal.topics = true
	fetch.max.bytes = 52428800
	fetch.max.wait.ms = 500
	fetch.min.bytes = 1
	group.id = whatsapp-group
	group.instance.id = null
	heartbeat.interval.ms = 3000
	interceptor.classes = []
	internal.leave.group.on.close = true
	internal.throw.on.fetch.stable.offset.unsupported = false
	isolation.level = read_uncommitted
	key.deserializer = class org.apache.kafka.common.serialization.StringDeserializer
	max.partition.fetch.bytes = 1048576
	max.poll.interval.ms = 300000
	max.poll.records = 500
	metadata.max.age.ms = 300000
	metric.reporters = []
	metrics.num.samples = 2
	metrics.recording.level = INFO
	metrics.sample.window.ms = 30000
	partition.assignment.strategy = [class org.apache.kafka.clients.consumer.RangeAssignor, class org.apache.kafka.clients.consumer.CooperativeStickyAssignor]
	receive.buffer.bytes = 65536
	reconnect.backoff.max.ms = 1000
	reconnect.backoff.ms = 50
	request.timeout.ms = 30000
	retry.backoff.ms = 100
	sasl.client.callback.handler.class = null
	sasl.jaas.config = null
	sasl.kerberos.kinit.cmd = /usr/bin/kinit
	sasl.kerberos.min.time.before.relogin = 60000
	sasl.kerberos.service.name = null
	sasl.kerberos.ticket.renew.jitter = 0.05
	sasl.kerberos.ticket.renew.window.factor = 0.8
	sasl.login.callback.handler.class = null
	sasl.login.class = null
	sasl.login.connect.timeout.ms = null
	sasl.login.read.timeout.ms = null
	sasl.login.refresh.buffer.seconds = 300
	sasl.login.refresh.min.period.seconds = 60
	sasl.login.refresh.window.factor = 0.8
	sasl.login.refresh.window.jitter = 0.05
	sasl.login.retry.backoff.max.ms = 10000
	sasl.login.retry.backoff.ms = 100
	sasl.mechanism = GSSAPI
	sasl.oauthbearer.clock.skew.seconds = 30
	sasl.oauthbearer.expected.audience = null
	sasl.oauthbearer.expected.issuer = null
	sasl.oauthbearer.jwks.endpoint.refresh.ms = 3600000
	sasl.oauthbearer.jwks.endpoint.retry.backoff.max.ms = 10000
	sasl.oauthbearer.jwks.endpoint.retry.backoff.ms = 100
	sasl.oauthbearer.jwks.endpoint.url = null
	sasl.oauthbearer.scope.claim.name = scope
	sasl.oauthbearer.sub.claim.name = sub
	sasl.oauthbearer.token.endpoint.url = null
	security.protocol = PLAINTEXT
	security.providers = null
	send.buffer.bytes = 131072
	session.timeout.ms = 45000
	socket.connection.setup.timeout.max.ms = 30000
	socket.connection.setup.timeout.ms = 10000
	ssl.cipher.suites = null
	ssl.enabled.protocols = [TLSv1.2, TLSv1.3]
	ssl.endpoint.identification.algorithm = https
	ssl.engine.factory.class = null
	ssl.key.password = null
	ssl.keymanager.algorithm = SunX509
	ssl.keystore.certificate.chain = null
	ssl.keystore.key = null
	ssl.keystore.location = null
	ssl.keystore.password = null
	ssl.keystore.type = JKS
	ssl.protocol = TLSv1.3
	ssl.provider = null
	ssl.secure.random.implementation = null
	ssl.trustmanager.algorithm = PKIX
	ssl.truststore.certificates = null
	ssl.truststore.location = null
	ssl.truststore.password = null
	ssl.truststore.type = JKS
	value.deserializer = class org.springframework.kafka.support.serializer.JsonDeserializer

2026-01-28T14:29:09.929-03:00  INFO 21428 --- [whatsapp-dispatcher] [           main] o.a.kafka.common.utils.AppInfoParser     : Kafka version: 3.6.1
2026-01-28T14:29:09.930-03:00  INFO 21428 --- [whatsapp-dispatcher] [           main] o.a.kafka.common.utils.AppInfoParser     : Kafka commitId: 5e3c2b738d253ff5
2026-01-28T14:29:09.931-03:00  INFO 21428 --- [whatsapp-dispatcher] [           main] o.a.kafka.common.utils.AppInfoParser     : Kafka startTimeMs: 1769621349927
2026-01-28T14:29:09.935-03:00  INFO 21428 --- [whatsapp-dispatcher] [           main] fkaConsumerFactory$ExtendedKafkaConsumer : [Consumer clientId=consumer-whatsapp-group-1, groupId=whatsapp-group] Subscribed to topic(s): notification-events
2026-01-28T14:29:09.955-03:00  INFO 21428 --- [whatsapp-dispatcher] [           main] c.z.w.WhatsappDispatcherApplicationTests : Started WhatsappDispatcherApplicationTests in 2.769 seconds (process running for 4.143)
2026-01-28T14:29:10.517-03:00  INFO 21428 --- [whatsapp-dispatcher] [ntainer#0-0-C-1] org.apache.kafka.clients.Metadata        : [Consumer clientId=consumer-whatsapp-group-1, groupId=whatsapp-group] Cluster ID: IfZKaLdfRfCjmNeqlv5emQ
2026-01-28T14:29:10.519-03:00  INFO 21428 --- [whatsapp-dispatcher] [ntainer#0-0-C-1] o.a.k.c.c.internals.ConsumerCoordinator  : [Consumer clientId=consumer-whatsapp-group-1, groupId=whatsapp-group] Discovered group coordinator localhost:9092 (id: 2147483646 rack: null)
2026-01-28T14:29:10.522-03:00  INFO 21428 --- [whatsapp-dispatcher] [ntainer#0-0-C-1] o.a.k.c.c.internals.ConsumerCoordinator  : [Consumer clientId=consumer-whatsapp-group-1, groupId=whatsapp-group] (Re-)joining group
2026-01-28T14:29:10.557-03:00  INFO 21428 --- [whatsapp-dispatcher] [ntainer#0-0-C-1] o.a.k.c.c.internals.ConsumerCoordinator  : [Consumer clientId=consumer-whatsapp-group-1, groupId=whatsapp-group] Request joining group due to: need to re-join with the given member-id: consumer-whatsapp-group-1-aab2f8fd-40a0-48e7-9816-c9dc881a0b5c
2026-01-28T14:29:10.558-03:00  INFO 21428 --- [whatsapp-dispatcher] [ntainer#0-0-C-1] o.a.k.c.c.internals.ConsumerCoordinator  : [Consumer clientId=consumer-whatsapp-group-1, groupId=whatsapp-group] Request joining group due to: rebalance failed due to 'The group member needs to have a valid member id before actually entering a consumer group.' (MemberIdRequiredException)
2026-01-28T14:29:10.558-03:00  INFO 21428 --- [whatsapp-dispatcher] [ntainer#0-0-C-1] o.a.k.c.c.internals.ConsumerCoordinator  : [Consumer clientId=consumer-whatsapp-group-1, groupId=whatsapp-group] (Re-)joining group
]]></system-out>
    <system-err><![CDATA[WARNING: A Java agent has been loaded dynamically (C:\Users\aliss\.m2\repository\net\bytebuddy\byte-buddy-agent\1.14.11\byte-buddy-agent-1.14.11.jar)
WARNING: If a serviceability tool is in use, please run with -XX:+EnableDynamicAgentLoading to hide this warning
WARNING: If a serviceability tool is not in use, please run with -Djdk.instrument.traceUsage for more information
WARNING: Dynamic loading of agents will be disallowed by default in a future release
]]></system-err>
  </testcase>
</testsuite>